{
  message: '✅ Database is connected successfully',
  level: 'info',
  label: 'UMS',
  timestamp: '2023-06-06T16:35:28.143Z'
}
{
  message: 'Application listening on port 5000',
  level: 'info',
  label: 'UMS',
  timestamp: '2023-06-06T16:35:28.226Z'
}
{
  message: '✅ Database is connected successfully',
  level: 'info',
  label: 'UMS',
  timestamp: '2023-06-06T16:36:33.974Z'
}
{
  message: 'Application listening on port 5000',
  level: 'info',
  label: 'UMS',
  timestamp: '2023-06-06T16:36:33.981Z'
}
