{
  message: '✅ Database is connected successfully',
  level: 'info',
  label: 'UMS',
  timestamp: '2023-06-06T18:04:25.938Z'
}
{
  message: 'Application listening on port 5000',
  level: 'info',
  label: 'UMS',
  timestamp: '2023-06-06T18:04:25.944Z'
}
{
  message: '✅ Database is connected successfully',
  level: 'info',
  label: 'UMS',
  timestamp: '2023-06-06T18:19:55.208Z'
}
{
  message: 'Application listening on port 5000',
  level: 'info',
  label: 'UMS',
  timestamp: '2023-06-06T18:19:55.215Z'
}
{
  message: '✅ Database is connected successfully',
  level: 'info',
  label: 'UMS',
  timestamp: '2023-06-06T18:19:59.883Z'
}
{
  message: 'Application listening on port 5000',
  level: 'info',
  label: 'UMS',
  timestamp: '2023-06-06T18:19:59.889Z'
}
{
  message: '✅ Database is connected successfully',
  level: 'info',
  label: 'UMS',
  timestamp: '2023-06-06T18:20:04.467Z'
}
{
  message: 'Application listening on port 5000',
  level: 'info',
  label: 'UMS',
  timestamp: '2023-06-06T18:20:04.474Z'
}
{
  message: '✅ Database is connected successfully',
  level: 'info',
  label: 'UMS',
  timestamp: '2023-06-06T18:20:06.428Z'
}
{
  message: 'Application listening on port 5000',
  level: 'info',
  label: 'UMS',
  timestamp: '2023-06-06T18:20:06.435Z'
}
{
  message: '✅ Database is connected successfully',
  level: 'info',
  label: 'UMS',
  timestamp: '2023-06-06T18:20:11.838Z'
}
{
  message: 'Application listening on port 5000',
  level: 'info',
  label: 'UMS',
  timestamp: '2023-06-06T18:20:11.845Z'
}
{
  message: '✅ Database is connected successfully',
  level: 'info',
  label: 'UMS',
  timestamp: '2023-06-06T18:20:17.250Z'
}
{
  message: 'Application listening on port 5000',
  level: 'info',
  label: 'UMS',
  timestamp: '2023-06-06T18:20:17.256Z'
}
{
  message: '✅ Database is connected successfully',
  level: 'info',
  label: 'UMS',
  timestamp: '2023-06-06T18:20:48.799Z'
}
{
  message: 'Application listening on port 5000',
  level: 'info',
  label: 'UMS',
  timestamp: '2023-06-06T18:20:48.806Z'
}
{
  message: '✅ Database is connected successfully',
  level: 'info',
  label: 'UMS',
  timestamp: '2023-06-06T18:20:56.385Z'
}
{
  message: 'Application listening on port 5000',
  level: 'info',
  label: 'UMS',
  timestamp: '2023-06-06T18:20:56.392Z'
}
{
  message: '✅ Database is connected successfully',
  level: 'info',
  label: 'UMS',
  timestamp: '2023-06-06T18:34:40.259Z'
}
{
  message: 'Application listening on port 5000',
  level: 'info',
  label: 'UMS',
  timestamp: '2023-06-06T18:34:40.266Z'
}
{
  message: '✅ Database is connected successfully',
  level: 'info',
  label: 'UMS',
  timestamp: '2023-06-06T18:36:46.048Z'
}
{
  message: 'Application listening on port 5000',
  level: 'info',
  label: 'UMS',
  timestamp: '2023-06-06T18:36:46.055Z'
}
{
  message: '✅ Database is connected successfully',
  level: 'info',
  label: 'UMS',
  timestamp: '2023-06-06T18:36:52.277Z'
}
{
  message: 'Application listening on port 5000',
  level: 'info',
  label: 'UMS',
  timestamp: '2023-06-06T18:36:52.284Z'
}
{
  message: '✅ Database is connected successfully',
  level: 'info',
  label: 'UMS',
  timestamp: '2023-06-06T18:37:04.919Z'
}
{
  message: 'Application listening on port 5000',
  level: 'info',
  label: 'UMS',
  timestamp: '2023-06-06T18:37:04.926Z'
}
{
  message: '✅ Database is connected successfully',
  level: 'info',
  label: 'UMS',
  timestamp: '2023-06-06T18:37:07.191Z'
}
{
  message: 'Application listening on port 5000',
  level: 'info',
  label: 'UMS',
  timestamp: '2023-06-06T18:37:07.201Z'
}
{
  message: '✅ Database is connected successfully',
  level: 'info',
  label: 'UMS',
  timestamp: '2023-06-06T18:37:16.581Z'
}
{
  message: 'Application listening on port 5000',
  level: 'info',
  label: 'UMS',
  timestamp: '2023-06-06T18:37:16.588Z'
}
{
  message: '✅ Database is connected successfully',
  level: 'info',
  label: 'UMS',
  timestamp: '2023-06-06T18:37:25.494Z'
}
{
  message: 'Application listening on port 5000',
  level: 'info',
  label: 'UMS',
  timestamp: '2023-06-06T18:37:25.501Z'
}
Wed Jun 07 2023 [UMS] info: ✅ Database is connected successfully
Wed Jun 07 2023 [UMS] info: Application listening on port 5000
Wed Jun 07 2023 [UMS] info: ✅ Database is connected successfully
Wed Jun 07 2023 [UMS] info: Application listening on port 5000
Wed Jun 07 2023 [UMS] info: ✅ Database is connected successfully
Wed Jun 07 2023 [UMS] info: Application listening on port 5000
Wed Jun 07 2023 [UMS] info: ✅ Database is connected successfully
Wed Jun 07 2023 [UMS] info: Application listening on port 5000
Wed Jun 07 2023 [UMS] info: ✅ Database is connected successfully
Wed Jun 07 2023 [UMS] info: Application listening on port 5000
Wed Jun 07 2023 [UMS] info: ✅ Database is connected successfully
Wed Jun 07 2023 [UMS] info: Application listening on port 5000
Wed Jun 07 2023 [UMS] info: ✅ Database is connected successfully
Wed Jun 07 2023 [UMS] info: Application listening on port 5000
Wed Jun 07 2023 [UMS] info: ✅ Database is connected successfully
Wed Jun 07 2023 [UMS] info: Application listening on port 5000
Wed Jun 07 2023 [UMS] info: ✅ Database is connected successfully
Wed Jun 07 2023 [UMS] info: Application listening on port 5000
Wed Jun 07 2023 [UMS] info: ✅ Database is connected successfully
Wed Jun 07 2023 [UMS] info: Application listening on port 5000
Wed Jun 07 2023 [UMS] info: ✅ Database is connected successfully
Wed Jun 07 2023 [UMS] info: Application listening on port 5000
Wed Jun 07 2023 [UMS] info: ✅ Database is connected successfully
Wed Jun 07 2023 [UMS] info: Application listening on port 5000
Wed Jun 07 2023 [UMS] info: ✅ Database is connected successfully
Wed Jun 07 2023 [UMS] info: Application listening on port 5000
Wed Jun 07 2023 [UMS] info: ✅ Database is connected successfully
Wed Jun 07 2023 [UMS] info: Application listening on port 5000
Wed Jun 07 2023 [UMS] info: ✅ Database is connected successfully
Wed Jun 07 2023 [UMS] info: Application listening on port 5000
Wed Jun 07 2023 [UMS] info: ✅ Database is connected successfully
Wed Jun 07 2023 [UMS] info: Application listening on port 5000
Wed Jun 07 2023 [UMS] info: ✅ Database is connected successfully
Wed Jun 07 2023 [UMS] info: Application listening on port 5000
Wed Jun 07 2023 [UMS] info: ✅ Database is connected successfully
Wed Jun 07 2023 [UMS] info: Application listening on port 5000
Wed Jun 07 2023 [UMS] info: ✅ Database is connected successfully
Wed Jun 07 2023 [UMS] info: Application listening on port 5000
Wed Jun 07 2023 [UMS] info: ✅ Database is connected successfully
Wed Jun 07 2023 [UMS] info: Application listening on port 5000
Wed Jun 07 2023 [UMS] info: ✅ Database is connected successfully
Wed Jun 07 2023 [UMS] info: Application listening on port 5000
Wed Jun 07 2023 [UMS] info: ✅ Database is connected successfully
Wed Jun 07 2023 [UMS] info: Application listening on port 5000
Wed Jun 07 2023 [UMS] info: ✅ Database is connected successfully
Wed Jun 07 2023 [UMS] info: Application listening on port 5000
Wed Jun 07 2023 [UMS] info: ✅ Database is connected successfully
Wed Jun 07 2023 [UMS] info: Application listening on port 5000
Wed Jun 07 2023 [UMS] info: ✅ Database is connected successfully
Wed Jun 07 2023 [UMS] info: Application listening on port 5000
