{
  message: '✅ Database is connected successfully',
  level: 'info',
  label: 'UMS',
  timestamp: '2023-06-06T17:50:37.040Z'
}
{
  message: 'Application listening on port 5000',
  level: 'info',
  label: 'UMS',
  timestamp: '2023-06-06T17:50:37.051Z'
}
{
  message: '✅ Database is connected successfully',
  level: 'info',
  label: 'UMS',
  timestamp: '2023-06-06T17:50:51.009Z'
}
{
  message: 'Application listening on port 5000',
  level: 'info',
  label: 'UMS',
  timestamp: '2023-06-06T17:50:51.015Z'
}
{
  message: '✅ Database is connected successfully',
  level: 'info',
  label: 'UMS',
  timestamp: '2023-06-06T17:50:52.881Z'
}
{
  message: 'Application listening on port 5000',
  level: 'info',
  label: 'UMS',
  timestamp: '2023-06-06T17:50:52.888Z'
}
{
  message: '✅ Database is connected successfully',
  level: 'info',
  label: 'UMS',
  timestamp: '2023-06-06T17:50:55.134Z'
}
{
  message: 'Application listening on port 5000',
  level: 'info',
  label: 'UMS',
  timestamp: '2023-06-06T17:50:55.140Z'
}
{
  message: '✅ Database is connected successfully',
  level: 'info',
  label: 'UMS',
  timestamp: '2023-06-06T17:50:56.136Z'
}
{
  message: 'Application listening on port 5000',
  level: 'info',
  label: 'UMS',
  timestamp: '2023-06-06T17:50:56.143Z'
}
{
  message: '✅ Database is connected successfully',
  level: 'info',
  label: 'UMS',
  timestamp: '2023-06-06T17:50:57.889Z'
}
{
  message: 'Application listening on port 5000',
  level: 'info',
  label: 'UMS',
  timestamp: '2023-06-06T17:50:57.896Z'
}
{
  message: '✅ Database is connected successfully',
  level: 'info',
  label: 'UMS',
  timestamp: '2023-06-06T17:51:36.026Z'
}
{
  message: 'Application listening on port 5000',
  level: 'info',
  label: 'UMS',
  timestamp: '2023-06-06T17:51:36.032Z'
}
{
  message: '✅ Database is connected successfully',
  level: 'info',
  label: 'UMS',
  timestamp: '2023-06-06T17:51:38.159Z'
}
{
  message: 'Application listening on port 5000',
  level: 'info',
  label: 'UMS',
  timestamp: '2023-06-06T17:51:38.166Z'
}
{
  message: '✅ Database is connected successfully',
  level: 'info',
  label: 'UMS',
  timestamp: '2023-06-06T17:53:02.669Z'
}
{
  message: 'Application listening on port 5000',
  level: 'info',
  label: 'UMS',
  timestamp: '2023-06-06T17:53:02.676Z'
}
{
  message: '✅ Database is connected successfully',
  level: 'info',
  label: 'UMS',
  timestamp: '2023-06-06T17:53:34.425Z'
}
{
  message: 'Application listening on port 5000',
  level: 'info',
  label: 'UMS',
  timestamp: '2023-06-06T17:53:34.434Z'
}
{
  message: '✅ Database is connected successfully',
  level: 'info',
  label: 'UMS',
  timestamp: '2023-06-06T17:53:36.867Z'
}
{
  message: 'Application listening on port 5000',
  level: 'info',
  label: 'UMS',
  timestamp: '2023-06-06T17:53:36.874Z'
}
{
  message: '✅ Database is connected successfully',
  level: 'info',
  label: 'UMS',
  timestamp: '2023-06-06T17:55:39.402Z'
}
{
  message: 'Application listening on port 5000',
  level: 'info',
  label: 'UMS',
  timestamp: '2023-06-06T17:55:39.408Z'
}
{
  message: '✅ Database is connected successfully',
  level: 'info',
  label: 'UMS',
  timestamp: '2023-06-06T17:55:44.710Z'
}
{
  message: 'Application listening on port 5000',
  level: 'info',
  label: 'UMS',
  timestamp: '2023-06-06T17:55:44.717Z'
}
{
  message: '✅ Database is connected successfully',
  level: 'info',
  label: 'UMS',
  timestamp: '2023-06-06T17:56:16.169Z'
}
{
  message: 'Application listening on port 5000',
  level: 'info',
  label: 'UMS',
  timestamp: '2023-06-06T17:56:16.175Z'
}
{
  message: '✅ Database is connected successfully',
  level: 'info',
  label: 'UMS',
  timestamp: '2023-06-06T17:56:17.230Z'
}
{
  message: 'Application listening on port 5000',
  level: 'info',
  label: 'UMS',
  timestamp: '2023-06-06T17:56:17.237Z'
}
