{
  message: 'Database is connected successfully',
  level: 'info',
  label: 'UMS',
  timestamp: '2023-06-03T20:06:56.959Z'
}
{
  message: 'Application listening on port 5000',
  level: 'info',
  label: 'UMS',
  timestamp: '2023-06-03T20:06:56.978Z'
}
{
  message: 'Database is connected successfully',
  level: 'info',
  label: 'UMS',
  timestamp: '2023-06-03T20:09:39.446Z'
}
{
  message: 'Application listening on port 5000',
  level: 'info',
  label: 'UMS',
  timestamp: '2023-06-03T20:09:39.453Z'
}
